[0] = 11980
[1] = 14299
[2] = 19744
[3] = 45171
[4] = 51637
[5] = 31106
[6] = 27799
[7] = 31541
[8] = 33005
[9] = 51873
[10] = 46578
[11] = 65661
[12] = 62300
[13] = 49210
[14] = 39183
[15] = 36554
[16] = 28280
[17] = 25148
[18] = 22917
[19] = 19630
[20] = 18459
[21] = 17282
[22] = 16901
[23] = 15481
[24] = 14614
[25] = 13512
[26] = 13061
[27] = 12752
[28] = 12770
[29] = 12317
[30] = 12065
[31] = 11964
[32] = 12486
[33] = 11929
[34] = 11256
[35] = 11051
[36] = 10623
[37] = 10165
[38] = 10076
[39] = 9693
[40] = 9337
[41] = 9158
[42] = 9208
[43] = 9166
[44] = 8990
[45] = 9062
[46] = 8960
[47] = 8793
[48] = 8792
[49] = 8706
[50] = 8709
[51] = 8633
[52] = 8462
[53] = 8418
[54] = 8393
[55] = 8385
[56] = 8622
[57] = 8745
[58] = 8770
[59] = 8592
[60] = 8766
[61] = 9119
[62] = 9168
[63] = 9238
[64] = 9446
[65] = 9856
[66] = 10153
[67] = 10224
[68] = 10756
[69] = 11002
[70] = 11395
[71] = 11458
[72] = 11685
[73] = 11671
[74] = 11501
[75] = 10925
[76] = 10485
[77] = 9859
[78] = 9295
[79] = 8803
[80] = 8276
[81] = 8081
[82] = 7652
[83] = 7489
[84] = 7149
[85] = 6942
[86] = 6756
[87] = 6573
[88] = 6488
[89] = 6314
[90] = 6127
[91] = 5936
[92] = 5944
[93] = 5520
[94] = 5496
[95] = 5261
[96] = 4988
[97] = 5027
[98] = 4822
[99] = 4819
[100] = 4924
[101] = 4737
[102] = 4746
[103] = 4772
[104] = 4901
[105] = 4807
[106] = 4808
[107] = 4625
[108] = 4458
[109] = 4289
[110] = 4319
[111] = 4363
[112] = 4228
[113] = 4164
[114] = 4167
[115] = 4171
[116] = 4111
[117] = 4312
[118] = 4522
[119] = 4687
[120] = 4888
[121] = 5151
[122] = 5704
[123] = 6253
[124] = 7097
[125] = 7644
[126] = 8254
[127] = 8467
[128] = 8362
[129] = 7757
[130] = 6900
[131] = 6057
[132] = 5501
[133] = 5144
[134] = 5079
[135] = 4794
[136] = 4640
[137] = 4597
[138] = 4509
[139] = 4352
[140] = 4243
[141] = 3984
[142] = 3792
[143] = 3594
[144] = 3326
[145] = 3244
[146] = 3224
[147] = 3290
[148] = 3216
[149] = 3177
[150] = 3079
[151] = 3023
[152] = 3046
[153] = 3005
[154] = 2810
[155] = 2827
[156] = 2675
[157] = 2568
[158] = 2403
[159] = 2346
[160] = 2316
[161] = 2302
[162] = 2174
[163] = 2203
[164] = 2251
[165] = 2160
[166] = 2182
[167] = 2313
[168] = 2365
[169] = 2343
[170] = 2492
[171] = 2437
[172] = 2466
[173] = 2570
[174] = 2616
[175] = 2468
[176] = 2366
[177] = 2322
[178] = 2266
[179] = 2178
[180] = 2142
[181] = 2132
[182] = 2152
[183] = 2062
[184] = 2262
[185] = 2318
[186] = 2316
[187] = 2183
[188] = 2248
[189] = 2247
[190] = 2204
[191] = 2305
[192] = 2294
[193] = 2192
[194] = 2064
[195] = 1986
[196] = 1904
[197] = 1800
[198] = 1740
[199] = 1763
[200] = 1721
[201] = 1658
[202] = 1693
[203] = 1692
[204] = 1684
[205] = 1652
[206] = 1717
[207] = 1673
[208] = 1721
[209] = 1691
[210] = 1745
[211] = 1761
[212] = 1798
[213] = 1864
[214] = 1920
[215] = 1999
[216] = 2039
[217] = 2125
[218] = 2123
[219] = 2235
[220] = 2378
[221] = 2396
[222] = 2454
[223] = 2482
[224] = 2596
[225] = 2720
[226] = 2829
[227] = 2892
[228] = 2835
[229] = 2934
[230] = 3105
[231] = 3092
[232] = 3181
[233] = 3394
[234] = 3518
[235] = 3644
[236] = 3745
[237] = 3993
[238] = 4175
[239] = 4582
[240] = 4830
[241] = 5310
[242] = 5477
[243] = 5650
[244] = 5834
[245] = 6063
[246] = 5969
[247] = 6107
[248] = 6216
[249] = 6412
[250] = 6941
[251] = 7929
[252] = 8784
[253] = 9878
[254] = 10563
[255] = 30505
